2024-03-23 11:57:07,878:INFO:Starting the application
2024-03-23 11:57:07,889:INFO:[31m[1mWARNING: This is a development server. Do not use it in a production deployment. Use a production WSGI server instead.[0m
 * Running on http://127.0.0.1:5000
2024-03-23 11:57:07,889:INFO:[33mPress CTRL+C to quit[0m
2024-03-23 11:57:07,890:INFO: * Restarting with stat
2024-03-23 11:57:08,380:INFO:Starting the application
2024-03-23 11:57:08,383:WARNING: * Debugger is active!
2024-03-23 11:57:08,396:INFO: * Debugger PIN: 118-697-973
2024-03-23 11:58:02,149:INFO:Starting the application
2024-03-23 11:58:02,277:INFO:Starting the application
2024-03-23 11:58:09,930:INFO:Starting the application
2024-03-23 11:58:09,938:INFO:[31m[1mWARNING: This is a development server. Do not use it in a production deployment. Use a production WSGI server instead.[0m
 * Running on http://127.0.0.1:5000
2024-03-23 11:58:09,938:INFO:[33mPress CTRL+C to quit[0m
2024-03-23 11:58:09,939:INFO: * Restarting with stat
2024-03-23 11:58:10,479:INFO:Starting the application
2024-03-23 11:58:10,483:WARNING: * Debugger is active!
2024-03-23 11:58:10,496:INFO: * Debugger PIN: 118-697-973
2024-03-23 11:58:38,449:INFO:Starting the application
2024-03-23 11:58:38,576:INFO:Starting the application
2024-03-23 11:58:46,660:INFO:Starting the application
2024-03-23 11:58:46,668:INFO:[31m[1mWARNING: This is a development server. Do not use it in a production deployment. Use a production WSGI server instead.[0m
 * Running on http://127.0.0.1:5000
2024-03-23 11:58:46,668:INFO:[33mPress CTRL+C to quit[0m
2024-03-23 11:58:46,669:INFO: * Restarting with stat
2024-03-23 11:58:47,265:INFO:Starting the application
2024-03-23 11:58:47,268:WARNING: * Debugger is active!
2024-03-23 11:58:47,276:INFO: * Debugger PIN: 118-697-973
2024-03-23 11:59:17,666:INFO: * Detected change in '/Volumes/Producto_datos/Talleres/evaluacion/taller-presencial-duranrio/src/5_basic_web_app/app.py', reloading
2024-03-23 11:59:17,744:INFO: * Restarting with stat
2024-03-23 11:59:18,688:INFO:Starting the application
2024-03-23 11:59:18,693:WARNING: * Debugger is active!
2024-03-23 11:59:18,701:INFO: * Debugger PIN: 118-697-973
2024-03-23 11:59:20,141:INFO:Starting the application
2024-03-23 11:59:20,269:INFO:Starting the application
2024-03-23 11:59:23,256:INFO:Starting the application
2024-03-23 11:59:23,263:INFO:[31m[1mWARNING: This is a development server. Do not use it in a production deployment. Use a production WSGI server instead.[0m
 * Running on http://127.0.0.1:5000
2024-03-23 11:59:23,263:INFO:[33mPress CTRL+C to quit[0m
2024-03-23 11:59:23,263:INFO: * Restarting with stat
2024-03-23 11:59:23,769:INFO:Starting the application
2024-03-23 11:59:23,773:WARNING: * Debugger is active!
2024-03-23 11:59:23,783:INFO: * Debugger PIN: 118-697-973
2024-03-23 11:59:29,881:INFO: * Detected change in '/Volumes/Producto_datos/Talleres/evaluacion/taller-presencial-duranrio/src/5_basic_web_app/app.py', reloading
2024-03-23 11:59:29,946:INFO: * Restarting with stat
2024-03-23 11:59:30,713:INFO:Starting the application
2024-03-23 11:59:30,717:WARNING: * Debugger is active!
2024-03-23 11:59:30,725:INFO: * Debugger PIN: 118-697-973
2024-03-23 11:59:41,798:INFO:Starting the application
2024-03-23 11:59:41,923:INFO:Starting the application
2024-03-23 11:59:46,448:INFO:Starting the application
2024-03-23 11:59:46,457:INFO:[31m[1mWARNING: This is a development server. Do not use it in a production deployment. Use a production WSGI server instead.[0m
 * Running on http://127.0.0.1:5000
2024-03-23 11:59:46,457:INFO:[33mPress CTRL+C to quit[0m
2024-03-23 11:59:46,457:INFO: * Restarting with stat
2024-03-23 11:59:47,007:INFO:Starting the application
2024-03-23 11:59:47,012:WARNING: * Debugger is active!
2024-03-23 11:59:47,023:INFO: * Debugger PIN: 118-697-973
2024-03-23 12:01:24,642:INFO:127.0.0.1 - - [23/Mar/2024 12:01:24] "GET / HTTP/1.1" 200 -
2024-03-23 12:01:24,683:INFO:127.0.0.1 - - [23/Mar/2024 12:01:24] "[33mGET /favicon.ico HTTP/1.1[0m" 404 -
2024-03-23 12:01:30,566:INFO:User values: {'bedrooms': 3.0, 'bathrooms': 1.0, 'sqft_living': 1180.0, 'sqft_lot': 5650.0, 'floors': 1.0, 'waterfront': 0, 'condition': 4}
2024-03-23 12:01:31,592:INFO:Prediction: 276902.16
2024-03-23 12:01:31,592:INFO:127.0.0.1 - - [23/Mar/2024 12:01:31] "POST / HTTP/1.1" 200 -
2024-03-23 12:01:54,158:INFO:Starting the application
2024-03-23 12:01:54,338:INFO:Starting the application
